<?xml version="1.0" encoding="UTF-8" ?>
<testsuite tests="2" failures="2" name="pl.polsl.viktordidyk.baconcipher.model.TranscriptorTest" time="0.001" errors="0" skipped="0">
  <properties>
    <property name="java.runtime.name" value="OpenJDK Runtime Environment"/>
    <property name="java.vm.version" value="19"/>
    <property name="sun.boot.library.path" value="/opt/homebrew/Cellar/openjdk/19/libexec/openjdk.jdk/Contents/Home/lib"/>
    <property name="maven.multiModuleProjectDirectory" value="/Users/viktor/polsl/Java sem5/BaconsCipher"/>
    <property name="java.vm.vendor" value="Homebrew"/>
    <property name="java.vendor.url" value="https://github.com/Homebrew/homebrew-core/issues"/>
    <property name="guice.disable.misplaced.annotation.check" value="true"/>
    <property name="path.separator" value=":"/>
    <property name="java.vm.name" value="OpenJDK 64-Bit Server VM"/>
    <property name="user.country" value="PL"/>
    <property name="sun.java.launcher" value="SUN_STANDARD"/>
    <property name="test" value="pl.polsl.viktordidyk.baconcipher.model.TranscriptorTest"/>
    <property name="java.vm.specification.name" value="Java Virtual Machine Specification"/>
    <property name="user.dir" value="/Users/viktor/polsl/Java sem5/BaconsCipher"/>
    <property name="java.vm.compressedOopsMode" value="Zero based"/>
    <property name="java.runtime.version" value="19"/>
    <property name="os.arch" value="aarch64"/>
    <property name="java.io.tmpdir" value="/var/folders/sr/lyzrynsd241f8j7cbjkjk2hh0000gn/T/"/>
    <property name="line.separator" value="
"/>
    <property name="java.vm.specification.vendor" value="Oracle Corporation"/>
    <property name="stderr.encoding" value="UTF-8"/>
    <property name="os.name" value="Mac OS X"/>
    <property name="maven.ext.class.path" value="/Applications/NetBeans/Apache NetBeans 15.app/Contents/Resources/NetBeans/netbeans/java/maven-nblib/netbeans-eventspy.jar"/>
    <property name="classworlds.conf" value="/Applications/NetBeans/Apache NetBeans 15.app/Contents/Resources/NetBeans/netbeans/java/maven/bin/m2.conf"/>
    <property name="sun.jnu.encoding" value="UTF-8"/>
    <property name="stdout.encoding" value="UTF-8"/>
    <property name="java.library.path" value="/Users/viktor/Library/Java/Extensions:/Library/Java/Extensions:/Network/Library/Java/Extensions:/System/Library/Java/Extensions:/usr/lib/java:."/>
    <property name="maven.conf" value="/Applications/NetBeans/Apache NetBeans 15.app/Contents/Resources/NetBeans/netbeans/java/maven/conf"/>
    <property name="jdk.debug" value="release"/>
    <property name="java.class.version" value="63.0"/>
    <property name="java.specification.name" value="Java Platform API Specification"/>
    <property name="sun.management.compiler" value="HotSpot 64-Bit Tiered Compilers"/>
    <property name="os.version" value="12.4"/>
    <property name="library.jansi.path" value="/Applications/NetBeans/Apache NetBeans 15.app/Contents/Resources/NetBeans/netbeans/java/maven/lib/jansi-native"/>
    <property name="http.nonProxyHosts" value="local|*.local|169.254/16|*.169.254/16"/>
    <property name="user.home" value="/Users/viktor"/>
    <property name="user.timezone" value="Europe/Warsaw"/>
    <property name="file.encoding" value="UTF-8"/>
    <property name="java.specification.version" value="19"/>
    <property name="user.name" value="viktor"/>
    <property name="java.class.path" value="/Applications/NetBeans/Apache NetBeans 15.app/Contents/Resources/NetBeans/netbeans/java/maven/boot/plexus-classworlds-2.6.0.jar"/>
    <property name="java.vm.specification.version" value="19"/>
    <property name="sun.arch.data.model" value="64"/>
    <property name="sun.java.command" value="org.codehaus.plexus.classworlds.launcher.Launcher -Dtest=pl.polsl.viktordidyk.baconcipher.model.TranscriptorTest -Dmaven.ext.class.path=/Applications/NetBeans/Apache NetBeans 15.app/Contents/Resources/NetBeans/netbeans/java/maven-nblib/netbeans-eventspy.jar surefire:test"/>
    <property name="java.home" value="/opt/homebrew/Cellar/openjdk/19/libexec/openjdk.jdk/Contents/Home"/>
    <property name="apple.awt.application.name" value="Launcher"/>
    <property name="user.language" value="en"/>
    <property name="java.specification.vendor" value="Oracle Corporation"/>
    <property name="java.vm.info" value="mixed mode, sharing"/>
    <property name="java.version" value="19"/>
    <property name="native.encoding" value="UTF-8"/>
    <property name="java.vendor" value="Homebrew"/>
    <property name="maven.home" value="/Applications/NetBeans/Apache NetBeans 15.app/Contents/Resources/NetBeans/netbeans/java/maven"/>
    <property name="file.separator" value="/"/>
    <property name="java.version.date" value="2022-09-20"/>
    <property name="java.vendor.url.bug" value="https://github.com/Homebrew/homebrew-core/issues"/>
    <property name="sun.io.unicode.encoding" value="UnicodeBig"/>
    <property name="sun.cpu.endian" value="little"/>
    <property name="java.vendor.version" value="Homebrew"/>
    <property name="socksNonProxyHosts" value="local|*.local|169.254/16|*.169.254/16"/>
    <property name="ftp.nonProxyHosts" value="local|*.local|169.254/16|*.169.254/16"/>
  </properties>
  <testcase classname="pl.polsl.viktordidyk.baconcipher.model.TranscriptorTest" name="pl.polsl.viktordidyk.baconcipher.model.TranscriptorTest.testEncryptStrategyA" time="0.001">
    <failure message="Cannot invoke &quot;pl.polsl.viktordidyk.baconcipher.model.Transcriptor.setStrategy(char)&quot; because &quot;this.transcriptor&quot; is null" type="java.lang.NullPointerException">java.lang.NullPointerException: Cannot invoke &quot;pl.polsl.viktordidyk.baconcipher.model.Transcriptor.setStrategy(char)&quot; because &quot;this.transcriptor&quot; is null
	at pl.polsl.viktordidyk.baconcipher.model.TranscriptorTest.testEncryptStrategyA(TranscriptorTest.java:57)
</failure>
  </testcase>
  <testcase classname="pl.polsl.viktordidyk.baconcipher.model.TranscriptorTest" name="pl.polsl.viktordidyk.baconcipher.model.TranscriptorTest.testEncrypStrategyB" time="0">
    <failure message="Cannot invoke &quot;pl.polsl.viktordidyk.baconcipher.model.Transcriptor.setStrategy(char)&quot; because &quot;this.transcriptor&quot; is null" type="java.lang.NullPointerException">java.lang.NullPointerException: Cannot invoke &quot;pl.polsl.viktordidyk.baconcipher.model.Transcriptor.setStrategy(char)&quot; because &quot;this.transcriptor&quot; is null
	at pl.polsl.viktordidyk.baconcipher.model.TranscriptorTest.testEncrypStrategyB(TranscriptorTest.java:75)
</failure>
  </testcase>
</testsuite>